<?xml version="1.0" encoding="UTF-8"?>
<testsuite name="dao.Sql2oUnitDaoTest" tests="1" skipped="0" failures="0" errors="0" timestamp="2023-03-14T12:41:21" hostname="kajela-HP-EliteBook-840-G3" time="1.093">
  <properties/>
  <testcase name="getAllStudentsByUnitReturnsStudentsCorrectly" classname="dao.Sql2oUnitDaoTest" time="1.093"/>
  <system-out><![CDATA[clearing database
connection closed
]]></system-out>
  <system-err><![CDATA[]]></system-err>
</testsuite>
