<?xml version="1.0" encoding="UTF-8"?>
<testsuite name="models.StudentTest" tests="1" skipped="0" failures="0" errors="0" timestamp="2023-03-14T07:51:29" hostname="kajela-HP-EliteBook-840-G3" time="0.029">
  <properties/>
  <testcase name="getEmailReturnsEmailCorrectly()" classname="models.StudentTest" time="0.029"/>
  <system-out><![CDATA[]]></system-out>
  <system-err><![CDATA[]]></system-err>
</testsuite>
